<?xml version="1.0" encoding="UTF-8"?>
<!-- Generated by org.testng.reporters.JUnitReportReporter -->
<testsuite hostname="DESKTOP-EVQ8K7V" failures="0" tests="1" name="One.JavaProject.Tests" time="39.470" errors="0" timestamp="2024-08-05T09:49:50 EEST" skipped="0">
  <testcase classname="One.JavaProject.Tests" name="methodOne" time="39.470"/>
</testsuite> <!-- One.JavaProject.Tests -->
