<?xml version="1.0" encoding="UTF-8"?>
<!-- Generated by org.testng.reporters.JUnitReportReporter -->
<testsuite hostname="DESKTOP-EVQ8K7V" failures="0" tests="5" name="one.SearchTest" time="143.923" errors="0" timestamp="2024-08-07T16:43:50 EEST" skipped="0">
  <testcase classname="one.SearchTest" name="methodOne" time="45.101"/>
  <testcase classname="one.SearchTest" name="methodTwo" time="24.306"/>
  <testcase classname="one.SearchTest" name="methodThree" time="25.965"/>
  <testcase classname="one.SearchTest" name="methodFour" time="24.067"/>
  <testcase classname="one.SearchTest" name="methodFive" time="24.484"/>
</testsuite> <!-- one.SearchTest -->
