<?xml version="1.0" encoding="UTF-8"?>
<!-- Generated by org.testng.reporters.JUnitReportReporter -->
<testsuite hostname="DESKTOP-EVQ8K7V" failures="0" tests="1" name="three.HandlingPopUp" time="28.036" errors="0" timestamp="2024-09-14T18:33:49 EEST" skipped="0">
  <testcase classname="three.HandlingPopUp" name="method" time="28.036"/>
</testsuite> <!-- three.HandlingPopUp -->
