<?xml version="1.0" encoding="UTF-8"?>
<!-- Generated by org.testng.reporters.JUnitReportReporter -->
<testsuite hostname="DESKTOP-EVQ8K7V" failures="0" tests="1" name="three.NavigateBackForward" time="20.787" errors="0" timestamp="2024-09-14T09:13:32 EEST" skipped="0">
  <testcase classname="three.NavigateBackForward" name="method" time="20.787"/>
</testsuite> <!-- three.NavigateBackForward -->
