<?xml version="1.0" encoding="UTF-8"?>
<!-- Generated by org.testng.reporters.JUnitReportReporter -->
<testsuite hostname="DESKTOP-EVQ8K7V" failures="0" tests="1" name="two.DatabaseTests" time="1.727" errors="0" timestamp="2024-08-05T13:54:30 EEST" skipped="0">
  <testcase classname="two.DatabaseTests" name="methodSix" time="1.727"/>
</testsuite> <!-- two.DatabaseTests -->
