<?xml version="1.0" encoding="UTF-8"?>
<!-- Generated by org.testng.reporters.JUnitReportReporter -->
<testsuite hostname="DESKTOP-EVQ8K7V" failures="0" tests="1" name="two.DatabaseTest" time="26.377" errors="0" timestamp="2024-08-07T14:21:14 EEST" skipped="0">
  <testcase classname="two.DatabaseTest" name="methodSix" time="26.377"/>
</testsuite> <!-- two.DatabaseTest -->
