<?xml version="1.0" encoding="UTF-8"?>
<!-- Generated by org.testng.reporters.JUnitReportReporter -->
<testsuite hostname="DESKTOP-EVQ8K7V" failures="0" tests="1" name="three.TakingScreenshot" time="23.889" errors="0" timestamp="2024-08-19T17:15:00 EEST" skipped="0">
  <testcase classname="three.TakingScreenshot" name="methodOne" time="23.889"/>
</testsuite> <!-- three.TakingScreenshot -->
