<?xml version="1.0" encoding="UTF-8"?>
<!-- Generated by org.testng.reporters.JUnitReportReporter -->
<testsuite hostname="DESKTOP-EVQ8K7V" failures="0" tests="1" name="one.SearchTest" time="53.456" errors="0" timestamp="2024-09-13T13:04:22 EEST" skipped="0">
  <testcase classname="one.SearchTest" name="methodOne" time="53.456"/>
</testsuite> <!-- one.SearchTest -->
